
****** PlanAhead v14.7 (64-bit)
  **** Build 321239 by xbuild on Fri Sep 27 19:29:51 MDT 2013
    ** Copyright 1986-1999, 2001-2013 Xilinx, Inc. All Rights Reserved.

INFO: [Common 17-78] Attempting to get a license: PlanAhead
INFO: [Common 17-290] Got license for PlanAhead
INFO: [Common 17-86] Your PlanAhead license expires in -306 day(s)
INFO: [Device 21-36] Loading parts and site information from C:/Xilinx/14.7/ISE_DS/PlanAhead/data/parts/arch.xml
Parsing RTL primitives file [C:/Xilinx/14.7/ISE_DS/PlanAhead/data/parts/xilinx/rtl/prims/rtl_prims.xml]
Finished parsing RTL primitives file [C:/Xilinx/14.7/ISE_DS/PlanAhead/data/parts/xilinx/rtl/prims/rtl_prims.xml]
start_gui
source C:/Users/Lenovo/Desktop/H_B/S05/pa.fromNetlist.tcl
# create_project -name S05 -dir "C:/Users/Lenovo/Desktop/H_B/S05/planAhead_run_4" -part xc3s400pq208-5
# set_property design_mode GateLvl [get_property srcset [current_run -impl]]
# set_property edif_top_file "C:/Users/Lenovo/Desktop/H_B/S05/booth_multiplier.ngc" [ get_property srcset [ current_run ] ]
# add_files -norecurse { {C:/Users/Lenovo/Desktop/H_B/S05} }
# set_param project.pinAheadLayout  yes
# set_property target_constrs_file "CarrySaveMultiplier4bit.ucf" [current_fileset -constrset]
Adding file 'C:/Users/Lenovo/Desktop/H_B/S05/CarrySaveMultiplier4bit.ucf' to fileset 'constrs_1'
# add_files [list {CarrySaveMultiplier4bit.ucf}] -fileset [get_property constrset [current_run]]
# link_design
Design is defaulting to srcset: sources_1
Design is defaulting to constrset: constrs_1
Design is defaulting to project part: xc3s400pq208-5
Release 14.7 - ngc2edif P.20131013 (nt64)
Copyright (c) 1995-2013 Xilinx, Inc.  All rights reserved.
Reading design booth_multiplier.ngc ...
WARNING:NetListWriters:298 - No output is written to booth_multiplier.xncf,
   ignored.
Processing design ...
   Preping design's networks ...
   Preping design's macros ...
WARNING:NetListWriters:306 - Signal bus Madd_mn_add0000_lut<3 : 0> on block
   booth_multiplier is not reconstructed, because there are some missing bus
   signals.
  finished :Prep
Writing EDIF netlist file booth_multiplier.edif ...
ngc2edif: Total memory usage is 78968 kilobytes

Parsing EDIF File [./planAhead_run_4/S05.data/cache/booth_multiplier_ngc_zx.edif]
Finished Parsing EDIF File [./planAhead_run_4/S05.data/cache/booth_multiplier_ngc_zx.edif]
INFO: [Designutils 20-910] Reading macro library C:/Xilinx/14.7/ISE_DS/PlanAhead/data\./parts/xilinx/spartan3/hd_int_macros.edn
Parsing EDIF File [C:/Xilinx/14.7/ISE_DS/PlanAhead/data\./parts/xilinx/spartan3/hd_int_macros.edn]
Finished Parsing EDIF File [C:/Xilinx/14.7/ISE_DS/PlanAhead/data\./parts/xilinx/spartan3/hd_int_macros.edn]
Loading clock regions from C:/Xilinx/14.7/ISE_DS/PlanAhead/data\parts/xilinx/spartan3/spartan3/xc3s400/ClockRegion.xml
Loading clock buffers from C:/Xilinx/14.7/ISE_DS/PlanAhead/data\parts/xilinx/spartan3/spartan3/xc3s400/ClockBuffers.xml
Loading package from C:/Xilinx/14.7/ISE_DS/PlanAhead/data\parts/xilinx/spartan3/spartan3/xc3s400/pq208/Package.xml
Loading io standards from C:/Xilinx/14.7/ISE_DS/PlanAhead/data\./parts/xilinx/spartan3/IOStandards.xml
INFO: [Device 21-19] Loading pkg sso from C:/Xilinx/14.7/ISE_DS/PlanAhead/data\parts/xilinx/spartan3/spartan3/xc3s400/pq208/SSORules.xml
Loading list of drcs for the architecture : C:/Xilinx/14.7/ISE_DS/PlanAhead/data\./parts/xilinx/spartan3/drc.xml
INFO: [Timing 38-77] Reading timing library C:/Xilinx/14.7/ISE_DS/PlanAhead/data\parts/xilinx/spartan3/spartan3/spartan3-5.lib.
INFO: [Timing 38-34] Done reading timing library C:/Xilinx/14.7/ISE_DS/PlanAhead/data\parts/xilinx/spartan3/spartan3/spartan3-5.lib.
Parsing UCF File [C:/Users/Lenovo/Desktop/H_B/S05/CarrySaveMultiplier4bit.ucf]
CRITICAL WARNING: [Constraints 18-11] Could not find net or pin 'A[3]' [C:/Users/Lenovo/Desktop/H_B/S05/CarrySaveMultiplier4bit.ucf:4]
CRITICAL WARNING: [Constraints 18-11] Could not find net or pin 'A[2]' [C:/Users/Lenovo/Desktop/H_B/S05/CarrySaveMultiplier4bit.ucf:5]
CRITICAL WARNING: [Constraints 18-11] Could not find net or pin 'A[1]' [C:/Users/Lenovo/Desktop/H_B/S05/CarrySaveMultiplier4bit.ucf:6]
CRITICAL WARNING: [Constraints 18-11] Could not find net or pin 'A[0]' [C:/Users/Lenovo/Desktop/H_B/S05/CarrySaveMultiplier4bit.ucf:7]
CRITICAL WARNING: [Constraints 18-11] Could not find net or pin 'B[3]' [C:/Users/Lenovo/Desktop/H_B/S05/CarrySaveMultiplier4bit.ucf:8]
CRITICAL WARNING: [Constraints 18-11] Could not find net or pin 'B[2]' [C:/Users/Lenovo/Desktop/H_B/S05/CarrySaveMultiplier4bit.ucf:9]
CRITICAL WARNING: [Constraints 18-11] Could not find net or pin 'B[1]' [C:/Users/Lenovo/Desktop/H_B/S05/CarrySaveMultiplier4bit.ucf:10]
CRITICAL WARNING: [Constraints 18-11] Could not find net or pin 'B[0]' [C:/Users/Lenovo/Desktop/H_B/S05/CarrySaveMultiplier4bit.ucf:11]
CRITICAL WARNING: [Constraints 18-11] Could not find net or pin 'Product[7]' [C:/Users/Lenovo/Desktop/H_B/S05/CarrySaveMultiplier4bit.ucf:12]
CRITICAL WARNING: [Constraints 18-11] Could not find net or pin 'Product[6]' [C:/Users/Lenovo/Desktop/H_B/S05/CarrySaveMultiplier4bit.ucf:13]
CRITICAL WARNING: [Constraints 18-11] Could not find net or pin 'Product[5]' [C:/Users/Lenovo/Desktop/H_B/S05/CarrySaveMultiplier4bit.ucf:14]
CRITICAL WARNING: [Constraints 18-11] Could not find net or pin 'Product[4]' [C:/Users/Lenovo/Desktop/H_B/S05/CarrySaveMultiplier4bit.ucf:15]
CRITICAL WARNING: [Constraints 18-11] Could not find net or pin 'Product[3]' [C:/Users/Lenovo/Desktop/H_B/S05/CarrySaveMultiplier4bit.ucf:16]
CRITICAL WARNING: [Constraints 18-11] Could not find net or pin 'Product[2]' [C:/Users/Lenovo/Desktop/H_B/S05/CarrySaveMultiplier4bit.ucf:17]
CRITICAL WARNING: [Constraints 18-11] Could not find net or pin 'Product[1]' [C:/Users/Lenovo/Desktop/H_B/S05/CarrySaveMultiplier4bit.ucf:18]
CRITICAL WARNING: [Constraints 18-11] Could not find net or pin 'Product[0]' [C:/Users/Lenovo/Desktop/H_B/S05/CarrySaveMultiplier4bit.ucf:19]
Finished Parsing UCF File [C:/Users/Lenovo/Desktop/H_B/S05/CarrySaveMultiplier4bit.ucf]
INFO: [Designutils 20-20] Invalid constraints found, use command 'write_ucf -constraints invalid <file>' to save all the invalid constraints to a file
INFO: [Project 1-111] Unisim Transformation Summary:
No Unisim elements were transformed.

Phase 0 | Netlist Checksum: 6e82c613
link_design: Time (s): elapsed = 00:00:16 . Memory (MB): peak = 605.332 ; gain = 92.621
startgroup
set_property package_pin P183 [get_ports {m[3]}]
endgroup
startgroup
set_property package_pin P182 [get_ports {m[2]}]
endgroup
startgroup
set_property package_pin P180 [get_ports {m[1]}]
endgroup
set_property package_pin "" [get_ports [list  {m[0]}]]
startgroup
set_property package_pin P181 [get_ports {m[1]}]
endgroup
startgroup
set_property package_pin P180 [get_ports {m[0]}]
endgroup
startgroup
set_property package_pin P171 [get_ports {r[3]}]
endgroup
startgroup
set_property package_pin P169 [get_ports {r[2]}]
endgroup
startgroup
set_property package_pin P168 [get_ports {r[1]}]
endgroup
startgroup
set_property package_pin P167 [get_ports {r[0]}]
endgroup
startgroup
set_property package_pin P71 [get_ports {result[7]}]
endgroup
startgroup
set_property package_pin P68 [get_ports {result[6]}]
endgroup
startgroup
set_property package_pin P67 [get_ports {result[5]}]
endgroup
startgroup
set_property package_pin P65 [get_ports {result[4]}]
endgroup
startgroup
set_property package_pin P64 [get_ports {result[3]}]
endgroup
startgroup
set_property package_pin P63 [get_ports {result[2]}]
endgroup
startgroup
set_property package_pin P62 [get_ports {result[1]}]
endgroup
startgroup
set_property package_pin P61 [get_ports {result[0]}]
endgroup
save_constraints
exit
ERROR: [Common 17-39] 'stop_gui' failed due to earlier errors.
INFO: [Common 17-206] Exiting PlanAhead at Wed Dec 03 14:49:36 2025...
INFO: [Common 17-83] Releasing license: PlanAhead
