#-----------------------------------------------------------
# PlanAhead v14.7 (64-bit)
# Build 321239 by xbuild on Fri Sep 27 19:29:51 MDT 2013
# Start of session at: Wed Oct 08 13:53:01 2025
# Process ID: 1140
# Log file: C:/Users/Lenovo/Desktop/H_B/coprator/planAhead_run_2/planAhead.log
# Journal file: C:/Users/Lenovo/Desktop/H_B/coprator/planAhead_run_2/planAhead.jou
#-----------------------------------------------------------
INFO: [Common 17-78] Attempting to get a license: PlanAhead
INFO: [Common 17-290] Got license for PlanAhead
INFO: [Common 17-86] Your PlanAhead license expires in -250 day(s)
INFO: [Device 21-36] Loading parts and site information from C:/Xilinx/14.7/ISE_DS/PlanAhead/data/parts/arch.xml
Parsing RTL primitives file [C:/Xilinx/14.7/ISE_DS/PlanAhead/data/parts/xilinx/rtl/prims/rtl_prims.xml]
Finished parsing RTL primitives file [C:/Xilinx/14.7/ISE_DS/PlanAhead/data/parts/xilinx/rtl/prims/rtl_prims.xml]
start_gui
source C:/Users/Lenovo/Desktop/H_B/coprator/pa.fromNetlist.tcl
# create_project -name coprator -dir "C:/Users/Lenovo/Desktop/H_B/coprator/planAhead_run_2" -part xc3s400pq208-4
ERROR: [Common 17-53] User Exception: Project already exists on disk, please use '-force' option to overwrite: 
     C:/Users/Lenovo/Desktop/H_B/coprator/planAhead_run_2/coprator.ppr
     C:/Users/Lenovo/Desktop/H_B/coprator/planAhead_run_2/coprator.data

    while executing
"create_project -name coprator -dir "C:/Users/Lenovo/Desktop/H_B/coprator/planAhead_run_2" -part xc3s400pq208-4"
    (file "C:/Users/Lenovo/Desktop/H_B/coprator/pa.fromNetlist.tcl" line 4)
