Running: /opt/Xilinx/14.7/ISE_DS/ISE/bin/lin64/unwrapped/fuse -intstyle ise -incremental -o /home/ise/computer-architecture-lab_2025_Fall/AZ03/TFF_tb_isim_beh.exe -prj /home/ise/computer-architecture-lab_2025_Fall/AZ03/TFF_tb_beh.prj work.TFF_tb 
ISim P.20131013 (signature 0xfbc00daa)
Number of CPUs detected in this system: 1
Turning on mult-threading, number of parallel sub-compilation jobs: 0 
Determining compilation order of HDL files
Parsing VHDL file "/home/ise/computer-architecture-lab_2025_Fall/AZ03/TFF.vhd" into library work
Parsing VHDL file "/home/ise/computer-architecture-lab_2025_Fall/AZ03/TFF_tb.vhd" into library work
Starting static elaboration
Completed static elaboration
Fuse Memory Usage: 95300 KB
Fuse CPU Usage: 980 ms
Compiling package standard
Compiling package std_logic_1164
Compiling architecture behavioral of entity t_ff_async_reset [t_ff_async_reset_default]
Compiling architecture behavior of entity tff_tb
Time Resolution for simulation is 1ps.
Compiled 5 VHDL Units
Built simulation executable /home/ise/computer-architecture-lab_2025_Fall/AZ03/TFF_tb_isim_beh.exe
Fuse Memory Usage: 103928 KB
Fuse CPU Usage: 990 ms
GCC CPU Usage: 130 ms
