Release 14.7 - ngc2edif P.20131013 (lin64)
Copyright (c) 1995-2013 Xilinx, Inc.  All rights reserved.
Reading design d_ff_async_reset.ngc ...
WARNING:NetListWriters:298 - No output is written to d_ff_async_reset.xncf,
   ignored.
Processing design ...
   Preping design's networks ...
   Preping design's macros ...
  finished :Prep
Writing EDIF netlist file d_ff_async_reset.edif ...
ngc2edif: Total memory usage is 104064 kilobytes

Release 14.7 - ngc2edif P.20131013 (lin64)
Copyright (c) 1995-2013 Xilinx, Inc.  All rights reserved.
Reading design t_ff_async_reset.ngc ...
WARNING:NetListWriters:298 - No output is written to t_ff_async_reset.xncf,
   ignored.
Processing design ...
   Preping design's networks ...
   Preping design's macros ...
  finished :Prep
Writing EDIF netlist file t_ff_async_reset.edif ...
ngc2edif: Total memory usage is 104064 kilobytes

Release 14.7 - ngc2edif P.20131013 (lin64)
Copyright (c) 1995-2013 Xilinx, Inc.  All rights reserved.
Reading design t_ff_async_reset.ngc ...
WARNING:NetListWriters:298 - No output is written to t_ff_async_reset.xncf,
   ignored.
Processing design ...
   Preping design's networks ...
   Preping design's macros ...
  finished :Prep
Writing EDIF netlist file t_ff_async_reset.edif ...
ngc2edif: Total memory usage is 104068 kilobytes

Release 14.7 - ngc2edif P.20131013 (lin64)
Copyright (c) 1995-2013 Xilinx, Inc.  All rights reserved.
Reading design t_ff_async_reset.ngc ...
WARNING:NetListWriters:298 - No output is written to t_ff_async_reset.xncf,
   ignored.
Processing design ...
   Preping design's networks ...
   Preping design's macros ...
  finished :Prep
Writing EDIF netlist file t_ff_async_reset.edif ...
ngc2edif: Total memory usage is 104068 kilobytes

