#-----------------------------------------------------------
# PlanAhead v14.7 (64-bit)
# Build 321239 by xbuild on Fri Sep 27 19:29:51 MDT 2013
# Start of session at: Wed Oct 01 14:22:38 2025
# Process ID: 2552
# Log file: C:/Users/Lenovo/Desktop/H_B/S01/planAhead_run_1/planAhead.log
# Journal file: C:/Users/Lenovo/Desktop/H_B/S01/planAhead_run_1/planAhead.jou
#-----------------------------------------------------------
INFO: [Common 17-78] Attempting to get a license: PlanAhead
INFO: [Common 17-290] Got license for PlanAhead
INFO: [Common 17-86] Your PlanAhead license expires in -243 day(s)
INFO: [Device 21-36] Loading parts and site information from C:/Xilinx/14.7/ISE_DS/PlanAhead/data/parts/arch.xml
Parsing RTL primitives file [C:/Xilinx/14.7/ISE_DS/PlanAhead/data/parts/xilinx/rtl/prims/rtl_prims.xml]
Finished parsing RTL primitives file [C:/Xilinx/14.7/ISE_DS/PlanAhead/data/parts/xilinx/rtl/prims/rtl_prims.xml]
start_gui
source C:/Users/Lenovo/Desktop/H_B/S01/pa.fromNetlist.tcl
# create_project -name S01 -dir "C:/Users/Lenovo/Desktop/H_B/S01/planAhead_run_1" -part xc3s400pq208-4
# set_property design_mode GateLvl [get_property srcset [current_run -impl]]
# set_property edif_top_file "C:/Users/Lenovo/Desktop/H_B/S01/full_adder.ngc" [ get_property srcset [ current_run ] ]
# add_files -norecurse { {C:/Users/Lenovo/Desktop/H_B/S01} }
# set_param project.pinAheadLayout  yes
# set_property target_constrs_file "full_adder.ucf" [current_fileset -constrset]
Adding file 'C:/Users/Lenovo/Desktop/H_B/S01/full_adder.ucf' to fileset 'constrs_1'
# add_files [list {full_adder.ucf}] -fileset [get_property constrset [current_run]]
# link_design
Design is defaulting to srcset: sources_1
Design is defaulting to constrset: constrs_1
Design is defaulting to project part: xc3s400pq208-4
Release 14.7 - ngc2edif P.20131013 (nt64)
Copyright (c) 1995-2013 Xilinx, Inc.  All rights reserved.
Reading design full_adder.ngc ...
WARNING:NetListWriters:298 - No output is written to full_adder.xncf, ignored.
Processing design ...
   Preping design's networks ...
   Preping design's macros ...
  finished :Prep
Writing EDIF netlist file full_adder.edif ...
ngc2edif: Total memory usage is 79992 kilobytes

Parsing EDIF File [./planAhead_run_1/S01.data/cache/full_adder_ngc_zx.edif]
Finished Parsing EDIF File [./planAhead_run_1/S01.data/cache/full_adder_ngc_zx.edif]
INFO: [Designutils 20-910] Reading macro library C:/Xilinx/14.7/ISE_DS/PlanAhead/data\./parts/xilinx/spartan3/hd_int_macros.edn
Parsing EDIF File [C:/Xilinx/14.7/ISE_DS/PlanAhead/data\./parts/xilinx/spartan3/hd_int_macros.edn]
Finished Parsing EDIF File [C:/Xilinx/14.7/ISE_DS/PlanAhead/data\./parts/xilinx/spartan3/hd_int_macros.edn]
Loading clock regions from C:/Xilinx/14.7/ISE_DS/PlanAhead/data\parts/xilinx/spartan3/spartan3/xc3s400/ClockRegion.xml
Loading clock buffers from C:/Xilinx/14.7/ISE_DS/PlanAhead/data\parts/xilinx/spartan3/spartan3/xc3s400/ClockBuffers.xml
Loading package from C:/Xilinx/14.7/ISE_DS/PlanAhead/data\parts/xilinx/spartan3/spartan3/xc3s400/pq208/Package.xml
Loading io standards from C:/Xilinx/14.7/ISE_DS/PlanAhead/data\./parts/xilinx/spartan3/IOStandards.xml
INFO: [Device 21-19] Loading pkg sso from C:/Xilinx/14.7/ISE_DS/PlanAhead/data\parts/xilinx/spartan3/spartan3/xc3s400/pq208/SSORules.xml
Loading list of drcs for the architecture : C:/Xilinx/14.7/ISE_DS/PlanAhead/data\./parts/xilinx/spartan3/drc.xml
INFO: [Timing 38-77] Reading timing library C:/Xilinx/14.7/ISE_DS/PlanAhead/data\parts/xilinx/spartan3/spartan3/spartan3-4.lib.
INFO: [Timing 38-34] Done reading timing library C:/Xilinx/14.7/ISE_DS/PlanAhead/data\parts/xilinx/spartan3/spartan3/spartan3-4.lib.
Parsing UCF File [C:/Users/Lenovo/Desktop/H_B/S01/full_adder.ucf]
Finished Parsing UCF File [C:/Users/Lenovo/Desktop/H_B/S01/full_adder.ucf]
INFO: [Project 1-111] Unisim Transformation Summary:
No Unisim elements were transformed.

Phase 0 | Netlist Checksum: 6f135011
link_design: Time (s): elapsed = 00:00:14 . Memory (MB): peak = 601.422 ; gain = 99.559
startgroup
set_property package_pin P183 [get_ports cin]
endgroup
startgroup
set_property package_pin P182 [get_ports cout]
endgroup
set_property package_pin "" [get_ports [list  i0]]
startgroup
set_property package_pin P42 [get_ports cout]
endgroup
startgroup
set_property package_pin P172 [get_ports i0]
endgroup
startgroup
set_property package_pin P161 [get_ports i1]
endgroup
startgroup
set_property package_pin P61 [get_ports s]
endgroup
save_constraints
exit
ERROR: [PlanAhead 12-106] *** Exception: ui.h.b: Found deleted key in HTclEventBroker. Verify if the classes listed here call cleanup()
HTclEvent: DEBUG_PORT_CONFIG_CHANGE   Classes: ui.views.aR 
HTclEvent: DEBUG_CORE_CONFIG_CHANGE   Classes: ui.views.aR 
HTclEvent: SIGNAL_MODIFY   Classes: ui.views.aR 
HTclEvent: SIGNAL_BUS_MODIFY   Classes: ui.views.aR 
 (See C:/Users/Lenovo/Desktop/H_B/S01\planAhead_pid2552.debug)
ERROR: [Common 17-39] 'stop_gui' failed due to earlier errors.
INFO: [Common 17-206] Exiting PlanAhead at Wed Oct 01 14:24:48 2025...
INFO: [Common 17-83] Releasing license: PlanAhead
