#-----------------------------------------------------------
# PlanAhead v14.7 (64-bit)
# Build 321239 by xbuild on Fri Sep 27 19:24:36 MDT 2013
# Start of session at: Wed Oct 15 07:24:54 2025
# Process ID: 3611
# Log file: /home/ise/computer-architecture-lab_2025_Fall/AZ03/planAhead_run_4/planAhead.log
# Journal file: /home/ise/computer-architecture-lab_2025_Fall/AZ03/planAhead_run_4/planAhead.jou
#-----------------------------------------------------------
INFO: [Common 17-78] Attempting to get a license: PlanAhead
INFO: [Common 17-290] Got license for PlanAhead
INFO: [Common 17-86] Your PlanAhead license expires in -3090 day(s)
INFO: [Device 21-36] Loading parts and site information from /opt/Xilinx/14.7/ISE_DS/PlanAhead/data/parts/arch.xml
Parsing RTL primitives file [/opt/Xilinx/14.7/ISE_DS/PlanAhead/data/parts/xilinx/rtl/prims/rtl_prims.xml]
Finished parsing RTL primitives file [/opt/Xilinx/14.7/ISE_DS/PlanAhead/data/parts/xilinx/rtl/prims/rtl_prims.xml]
start_gui
source /home/ise/computer-architecture-lab_2025_Fall/AZ03/pa.fromNetlist.tcl
# create_project -name AZ03 -dir "/home/ise/computer-architecture-lab_2025_Fall/AZ03/planAhead_run_4" -part xc3s400pq208-5
ERROR: [Common 17-53] User Exception: Project already exists on disk, please use '-force' option to overwrite: 
     /home/ise/computer-architecture-lab_2025_Fall/AZ03/planAhead_run_4/AZ03.ppr
     /home/ise/computer-architecture-lab_2025_Fall/AZ03/planAhead_run_4/AZ03.data

    while executing
"create_project -name AZ03 -dir "/home/ise/computer-architecture-lab_2025_Fall/AZ03/planAhead_run_4" -part xc3s400pq208-5"
    (file "/home/ise/computer-architecture-lab_2025_Fall/AZ03/pa.fromNetlist.tcl" line 4)
exit
INFO: [Common 17-206] Exiting PlanAhead at Wed Oct 15 07:25:27 2025...
INFO: [Common 17-83] Releasing license: PlanAhead
