--------------------------------------------------------------------------------
Release 14.7 Trace  (nt64)
Copyright (c) 1995-2013 Xilinx, Inc.  All rights reserved.

C:\Xilinx\14.7\ISE_DS\ISE\bin\nt64\unwrapped\trce.exe -intstyle ise -v 3 -s 5
-n 3 -fastpaths -xml ArrayMultiplier4bit.twx ArrayMultiplier4bit.ncd -o
ArrayMultiplier4bit.twr ArrayMultiplier4bit.pcf -ucf Multiplier_4bit.ucf

Design file:              ArrayMultiplier4bit.ncd
Physical constraint file: ArrayMultiplier4bit.pcf
Device,package,speed:     xc3s400,pq208,-5 (PRODUCTION 1.39 2013-10-13)
Report level:             verbose report

Environment Variable      Effect 
--------------------      ------ 
NONE                      No environment variables were set
--------------------------------------------------------------------------------

INFO:Timing:2698 - No timing constraints found, doing default enumeration.
INFO:Timing:3412 - To improve timing, see the Timing Closure User Guide (UG612).
INFO:Timing:2752 - To get complete path coverage, use the unconstrained paths 
   option. All paths that are not constrained will be reported in the 
   unconstrained paths section(s) of the report.
INFO:Timing:3339 - The clock-to-out numbers in this timing report are based on 
   a 50 Ohm transmission line loading model.  For the details of this model, 
   and for more information on accounting for different loading conditions, 
   please see the device datasheet.
INFO:Timing:3390 - This architecture does not support a default System Jitter 
   value, please add SYSTEM_JITTER constraint to the UCF to modify the Clock 
   Uncertainty calculation.
INFO:Timing:3389 - This architecture does not support 'Discrete Jitter' and 
   'Phase Error' calculations, these terms will be zero in the Clock 
   Uncertainty calculation.  Please make appropriate modification to 
   SYSTEM_JITTER to account for the unsupported Discrete Jitter and Phase 
   Error.



Data Sheet report:
-----------------
All values displayed in nanoseconds (ns)

Pad to Pad
---------------+---------------+---------+
Source Pad     |Destination Pad|  Delay  |
---------------+---------------+---------+
A<0>           |Product<0>     |   10.462|
A<0>           |Product<1>     |   10.163|
A<0>           |Product<2>     |   11.690|
A<0>           |Product<3>     |   13.377|
A<0>           |Product<4>     |   15.203|
A<0>           |Product<5>     |   16.686|
A<0>           |Product<6>     |   17.499|
A<0>           |Product<7>     |   17.407|
A<1>           |Product<1>     |   10.599|
A<1>           |Product<2>     |   10.856|
A<1>           |Product<3>     |   12.790|
A<1>           |Product<4>     |   14.369|
A<1>           |Product<5>     |   15.852|
A<1>           |Product<6>     |   16.665|
A<1>           |Product<7>     |   16.573|
A<2>           |Product<2>     |   10.143|
A<2>           |Product<3>     |   11.001|
A<2>           |Product<4>     |   12.827|
A<2>           |Product<5>     |   14.310|
A<2>           |Product<6>     |   15.123|
A<2>           |Product<7>     |   15.031|
A<3>           |Product<3>     |   11.381|
A<3>           |Product<4>     |   12.290|
A<3>           |Product<5>     |   13.414|
A<3>           |Product<6>     |   14.241|
A<3>           |Product<7>     |   14.149|
B<0>           |Product<0>     |   11.124|
B<0>           |Product<1>     |   10.797|
B<0>           |Product<2>     |   11.336|
B<0>           |Product<3>     |   13.023|
B<0>           |Product<4>     |   14.849|
B<0>           |Product<5>     |   16.332|
B<0>           |Product<6>     |   17.145|
B<0>           |Product<7>     |   17.053|
B<1>           |Product<1>     |   10.974|
B<1>           |Product<2>     |   12.567|
B<1>           |Product<3>     |   14.254|
B<1>           |Product<4>     |   16.080|
B<1>           |Product<5>     |   17.563|
B<1>           |Product<6>     |   18.376|
B<1>           |Product<7>     |   18.284|
B<2>           |Product<2>     |   12.279|
B<2>           |Product<3>     |   13.966|
B<2>           |Product<4>     |   15.792|
B<2>           |Product<5>     |   17.275|
B<2>           |Product<6>     |   18.088|
B<2>           |Product<7>     |   17.996|
B<3>           |Product<3>     |   12.114|
B<3>           |Product<4>     |   13.320|
B<3>           |Product<5>     |   14.803|
B<3>           |Product<6>     |   15.616|
B<3>           |Product<7>     |   15.524|
---------------+---------------+---------+


Analysis completed Wed Dec 03 14:35:20 2025 
--------------------------------------------------------------------------------

Trace Settings:
-------------------------
Trace Settings 

Peak Memory Usage: 143 MB



