Release 14.7 - xst P.20131013 (nt64)
Copyright (c) 1995-2013 Xilinx, Inc.  All rights reserved.
--> Parameter TMPDIR set to xst/projnav.tmp


Total REAL time to Xst completion: 1.00 secs
Total CPU time to Xst completion: 0.31 secs
 
--> Parameter xsthdpdir set to xst


Total REAL time to Xst completion: 1.00 secs
Total CPU time to Xst completion: 0.31 secs
 
--> Reading design: booth_multiplier.prj

TABLE OF CONTENTS
  1) Synthesis Options Summary
  2) HDL Compilation
  3) Design Hierarchy Analysis
  4) HDL Analysis
  5) HDL Synthesis
     5.1) HDL Synthesis Report
  6) Advanced HDL Synthesis
     6.1) Advanced HDL Synthesis Report
  7) Low Level Synthesis
  8) Partition Report
  9) Final Report
	9.1) Device utilization summary
	9.2) Partition Resource Summary
	9.3) TIMING REPORT


=========================================================================
*                      Synthesis Options Summary                        *
=========================================================================
---- Source Parameters
Input File Name                    : "booth_multiplier.prj"
Input Format                       : mixed
Ignore Synthesis Constraint File   : NO

---- Target Parameters
Output File Name                   : "booth_multiplier"
Output Format                      : NGC
Target Device                      : xc3s400-5-pq208

---- Source Options
Top Module Name                    : booth_multiplier
Automatic FSM Extraction           : YES
FSM Encoding Algorithm             : Auto
Safe Implementation                : No
FSM Style                          : LUT
RAM Extraction                     : Yes
RAM Style                          : Auto
ROM Extraction                     : Yes
Mux Style                          : Auto
Decoder Extraction                 : YES
Priority Encoder Extraction        : Yes
Shift Register Extraction          : YES
Logical Shifter Extraction         : YES
XOR Collapsing                     : YES
ROM Style                          : Auto
Mux Extraction                     : Yes
Resource Sharing                   : YES
Asynchronous To Synchronous        : NO
Multiplier Style                   : Auto
Automatic Register Balancing       : No

---- Target Options
Add IO Buffers                     : YES
Global Maximum Fanout              : 100000
Add Generic Clock Buffer(BUFG)     : 8
Register Duplication               : YES
Slice Packing                      : YES
Optimize Instantiated Primitives   : NO
Use Clock Enable                   : Yes
Use Synchronous Set                : Yes
Use Synchronous Reset              : Yes
Pack IO Registers into IOBs        : Auto
Equivalent register Removal        : YES

---- General Options
Optimization Goal                  : Speed
Optimization Effort                : 1
Keep Hierarchy                     : No
Netlist Hierarchy                  : As_Optimized
RTL Output                         : Yes
Global Optimization                : AllClockNets
Read Cores                         : YES
Write Timing Constraints           : NO
Cross Clock Analysis               : NO
Hierarchy Separator                : /
Bus Delimiter                      : <>
Case Specifier                     : Maintain
Slice Utilization Ratio            : 100
BRAM Utilization Ratio             : 100
Verilog 2001                       : YES
Auto BRAM Packing                  : NO
Slice Utilization Ratio Delta      : 5

=========================================================================


=========================================================================
*                          HDL Compilation                              *
=========================================================================
Compiling vhdl file "C:/Users/Lenovo/Desktop/H_B/S05/Booth.vhd" in Library work.
Architecture behavior of Entity booth_multiplier is up to date.

=========================================================================
*                     Design Hierarchy Analysis                         *
=========================================================================
Analyzing hierarchy for entity <booth_multiplier> in library <work> (architecture <behavior>) with generics.
	x = 4
	y = 4


=========================================================================
*                            HDL Analysis                               *
=========================================================================
Analyzing generic Entity <booth_multiplier> in library <work> (Architecture <behavior>).
	x = 4
	y = 4
Entity <booth_multiplier> analyzed. Unit <booth_multiplier> generated.


=========================================================================
*                           HDL Synthesis                               *
=========================================================================

Performing bidirectional port resolution...

Synthesizing Unit <booth_multiplier>.
    Related source file is "C:/Users/Lenovo/Desktop/H_B/S05/Booth.vhd".
    Found 10-bit adder for signal <p$share0000> created at line 39.
    Found 10-bit adder for signal <p$share0001> created at line 39.
    Found 10-bit adder for signal <p$share0002> created at line 39.
    Found 10-bit adder for signal <p_9$add0000> created at line 42.
    Found 10-bit adder for signal <p_9$add0002> created at line 34.
    Summary:
	inferred   5 Adder/Subtractor(s).
Unit <booth_multiplier> synthesized.

INFO:Xst:1767 - HDL ADVISOR - Resource sharing has identified that some arithmetic operations in this design can share the same physical resources for reduced device utilization. For improved clock frequency you may try to disable resource sharing.

=========================================================================
HDL Synthesis Report

Macro Statistics
# Adders/Subtractors                                   : 5
 10-bit adder                                          : 5

=========================================================================

=========================================================================
*                       Advanced HDL Synthesis                          *
=========================================================================


=========================================================================
Advanced HDL Synthesis Report

Macro Statistics
# Adders/Subtractors                                   : 5
 10-bit adder                                          : 5

=========================================================================

=========================================================================
*                         Low Level Synthesis                           *
=========================================================================

Optimizing unit <booth_multiplier> ...

Mapping all equations...
Building and optimizing final netlist ...
Found area constraint ratio of 100 (+ 5) on block booth_multiplier, actual ratio is 1.

Final Macro Processing ...

=========================================================================
Final Register Report

Found no macro
=========================================================================

=========================================================================
*                           Partition Report                            *
=========================================================================

Partition Implementation Status
-------------------------------

  No Partitions were found in this design.

-------------------------------

=========================================================================
*                            Final Report                               *
=========================================================================
Final Results
RTL Top Level Output File Name     : booth_multiplier.ngr
Top Level Output File Name         : booth_multiplier
Output Format                      : NGC
Optimization Goal                  : Speed
Keep Hierarchy                     : No

Design Statistics
# IOs                              : 16

Cell Usage :
# BELS                             : 127
#      GND                         : 1
#      LUT1                        : 4
#      LUT2                        : 11
#      LUT3                        : 9
#      LUT4                        : 44
#      MULT_AND                    : 6
#      MUXCY                       : 26
#      XORCY                       : 26
# IO Buffers                       : 16
#      IBUF                        : 8
#      OBUF                        : 8
=========================================================================

Device utilization summary:
---------------------------

Selected Device : 3s400pq208-5 

 Number of Slices:                       37  out of   3584     1%  
 Number of 4 input LUTs:                 68  out of   7168     0%  
 Number of IOs:                          16
 Number of bonded IOBs:                  16  out of    141    11%  

---------------------------
Partition Resource Summary:
---------------------------

  No Partitions were found in this design.

---------------------------


=========================================================================
TIMING REPORT

NOTE: THESE TIMING NUMBERS ARE ONLY A SYNTHESIS ESTIMATE.
      FOR ACCURATE TIMING INFORMATION PLEASE REFER TO THE TRACE REPORT
      GENERATED AFTER PLACE-and-ROUTE.

Clock Information:
------------------
No clock signals found in this design

Asynchronous Control Signals Information:
----------------------------------------
No asynchronous control signals found in this design

Timing Summary:
---------------
Speed Grade: -5

   Minimum period: No path found
   Minimum input arrival time before clock: No path found
   Maximum output required time after clock: No path found
   Maximum combinational path delay: 21.337ns

Timing Detail:
--------------
All values displayed in nanoseconds (ns)

=========================================================================
Timing constraint: Default path analysis
  Total number of paths / destination ports: 16701 / 8
-------------------------------------------------------------------------
Delay:               21.337ns (Levels of Logic = 17)
  Source:            m<0> (PAD)
  Destination:       result<7> (PAD)

  Data Path: m<0> to result<7>
                                Gate     Net
    Cell:in->out      fanout   Delay   Delay  Logical Name (Net Name)
    ----------------------------------------  ------------
     IBUF:I->O            15   0.715   1.305  m_0_IBUF (m_0_IBUF)
     LUT2:I0->O            3   0.479   1.066  p_mux0006<7>11 (N7)
     LUT4:I0->O            1   0.479   0.851  p_mux0006<7>2 (p_mux0006<7>)
     LUT3:I1->O            1   0.479   0.000  Madd_p_share0000_lut<7> (Madd_p_share0000_lut<7>)
     MUXCY:S->O            1   0.435   0.000  Madd_p_share0000_cy<7> (Madd_p_share0000_cy<7>)
     MUXCY:CI->O           0   0.056   0.000  Madd_p_share0000_cy<8> (Madd_p_share0000_cy<8>)
     XORCY:CI->O           1   0.786   0.704  Madd_p_share0000_xor<9> (p_share0000<9>)
     LUT4:I3->O            4   0.479   1.074  p_mux0001<9>1 (p_mux0001<9>)
     LUT3:I0->O            1   0.479   0.000  Madd_p_share0001_lut<8> (Madd_p_share0001_lut<8>)
     MUXCY:S->O            0   0.435   0.000  Madd_p_share0001_cy<8> (Madd_p_share0001_cy<8>)
     XORCY:CI->O           1   0.786   0.704  Madd_p_share0001_xor<9> (p_share0001<9>)
     LUT4:I3->O            4   0.479   1.074  p_mux0003<9>1 (p_mux0003<9>)
     LUT3:I0->O            1   0.479   0.000  Madd_p_share0002_lut<8> (Madd_p_share0002_lut<8>)
     MUXCY:S->O            0   0.435   0.000  Madd_p_share0002_cy<8> (Madd_p_share0002_cy<8>)
     XORCY:CI->O           1   0.786   0.704  Madd_p_share0002_xor<9> (p_share0002<9>)
     LUT4:I3->O            1   0.479   0.681  p_mux0005<9>1 (result_7_OBUF)
     OBUF:I->O                 4.909          result_7_OBUF (result<7>)
    ----------------------------------------
    Total                     21.337ns (13.175ns logic, 8.163ns route)
                                       (61.7% logic, 38.3% route)

=========================================================================


Total REAL time to Xst completion: 6.00 secs
Total CPU time to Xst completion: 5.52 secs
 
--> 

Total memory usage is 258800 kilobytes

Number of errors   :    0 (   0 filtered)
Number of warnings :    0 (   0 filtered)
Number of infos    :    1 (   0 filtered)

