Release 14.7 - xst P.20131013 (nt64)
Copyright (c) 1995-2013 Xilinx, Inc.  All rights reserved.
--> Parameter TMPDIR set to xst/projnav.tmp


Total REAL time to Xst completion: 0.00 secs
Total CPU time to Xst completion: 0.06 secs
 
--> Parameter xsthdpdir set to xst


Total REAL time to Xst completion: 0.00 secs
Total CPU time to Xst completion: 0.06 secs
 
--> Reading design: CarrySaveMultiplier4bit.prj

TABLE OF CONTENTS
  1) Synthesis Options Summary
  2) HDL Compilation
  3) Design Hierarchy Analysis
  4) HDL Analysis
  5) HDL Synthesis
     5.1) HDL Synthesis Report
  6) Advanced HDL Synthesis
     6.1) Advanced HDL Synthesis Report
  7) Low Level Synthesis
  8) Partition Report
  9) Final Report
	9.1) Device utilization summary
	9.2) Partition Resource Summary
	9.3) TIMING REPORT


=========================================================================
*                      Synthesis Options Summary                        *
=========================================================================
---- Source Parameters
Input File Name                    : "CarrySaveMultiplier4bit.prj"
Input Format                       : mixed
Ignore Synthesis Constraint File   : NO

---- Target Parameters
Output File Name                   : "CarrySaveMultiplier4bit"
Output Format                      : NGC
Target Device                      : xc3s400-5-pq208

---- Source Options
Top Module Name                    : CarrySaveMultiplier4bit
Automatic FSM Extraction           : YES
FSM Encoding Algorithm             : Auto
Safe Implementation                : No
FSM Style                          : LUT
RAM Extraction                     : Yes
RAM Style                          : Auto
ROM Extraction                     : Yes
Mux Style                          : Auto
Decoder Extraction                 : YES
Priority Encoder Extraction        : Yes
Shift Register Extraction          : YES
Logical Shifter Extraction         : YES
XOR Collapsing                     : YES
ROM Style                          : Auto
Mux Extraction                     : Yes
Resource Sharing                   : YES
Asynchronous To Synchronous        : NO
Multiplier Style                   : Auto
Automatic Register Balancing       : No

---- Target Options
Add IO Buffers                     : YES
Global Maximum Fanout              : 100000
Add Generic Clock Buffer(BUFG)     : 8
Register Duplication               : YES
Slice Packing                      : YES
Optimize Instantiated Primitives   : NO
Use Clock Enable                   : Yes
Use Synchronous Set                : Yes
Use Synchronous Reset              : Yes
Pack IO Registers into IOBs        : Auto
Equivalent register Removal        : YES

---- General Options
Optimization Goal                  : Speed
Optimization Effort                : 1
Keep Hierarchy                     : No
Netlist Hierarchy                  : As_Optimized
RTL Output                         : Yes
Global Optimization                : AllClockNets
Read Cores                         : YES
Write Timing Constraints           : NO
Cross Clock Analysis               : NO
Hierarchy Separator                : /
Bus Delimiter                      : <>
Case Specifier                     : Maintain
Slice Utilization Ratio            : 100
BRAM Utilization Ratio             : 100
Verilog 2001                       : YES
Auto BRAM Packing                  : NO
Slice Utilization Ratio Delta      : 5

=========================================================================


=========================================================================
*                          HDL Compilation                              *
=========================================================================
Compiling vhdl file "C:/Users/Lenovo/Desktop/H_B/S05/HalfAdder.vhd" in Library work.
Architecture behavioral of Entity half_adder is up to date.
Compiling vhdl file "C:/Users/Lenovo/Desktop/H_B/S05/FullAdder.vhd" in Library work.
Architecture behavioral of Entity full_adder is up to date.
Compiling vhdl file "C:/Users/Lenovo/Desktop/H_B/S05/CarrySaveAdderMultiplier.vhd" in Library work.
Architecture structural of Entity carrysavemultiplier4bit is up to date.

=========================================================================
*                     Design Hierarchy Analysis                         *
=========================================================================
Analyzing hierarchy for entity <CarrySaveMultiplier4bit> in library <work> (architecture <structural>).

Analyzing hierarchy for entity <Half_Adder> in library <work> (architecture <behavioral>).

Analyzing hierarchy for entity <Full_Adder> in library <work> (architecture <behavioral>).


=========================================================================
*                            HDL Analysis                               *
=========================================================================
Analyzing Entity <CarrySaveMultiplier4bit> in library <work> (Architecture <structural>).
Entity <CarrySaveMultiplier4bit> analyzed. Unit <CarrySaveMultiplier4bit> generated.

Analyzing Entity <Half_Adder> in library <work> (Architecture <behavioral>).
Entity <Half_Adder> analyzed. Unit <Half_Adder> generated.

Analyzing Entity <Full_Adder> in library <work> (Architecture <behavioral>).
Entity <Full_Adder> analyzed. Unit <Full_Adder> generated.


=========================================================================
*                           HDL Synthesis                               *
=========================================================================

Performing bidirectional port resolution...

Synthesizing Unit <Half_Adder>.
    Related source file is "C:/Users/Lenovo/Desktop/H_B/S05/HalfAdder.vhd".
    Found 1-bit xor2 for signal <Sum>.
Unit <Half_Adder> synthesized.


Synthesizing Unit <Full_Adder>.
    Related source file is "C:/Users/Lenovo/Desktop/H_B/S05/FullAdder.vhd".
    Found 1-bit xor2 for signal <Sum>.
    Found 1-bit xor2 for signal <Cout$xor0000> created at line 12.
Unit <Full_Adder> synthesized.


Synthesizing Unit <CarrySaveMultiplier4bit>.
    Related source file is "C:/Users/Lenovo/Desktop/H_B/S05/CarrySaveAdderMultiplier.vhd".
Unit <CarrySaveMultiplier4bit> synthesized.


=========================================================================
HDL Synthesis Report

Macro Statistics
# Xors                                                 : 20
 1-bit xor2                                            : 20

=========================================================================

=========================================================================
*                       Advanced HDL Synthesis                          *
=========================================================================


=========================================================================
Advanced HDL Synthesis Report

Macro Statistics
# Xors                                                 : 20
 1-bit xor2                                            : 20

=========================================================================

=========================================================================
*                         Low Level Synthesis                           *
=========================================================================

Optimizing unit <CarrySaveMultiplier4bit> ...

Mapping all equations...
Building and optimizing final netlist ...
Found area constraint ratio of 100 (+ 5) on block CarrySaveMultiplier4bit, actual ratio is 0.

Final Macro Processing ...

=========================================================================
Final Register Report

Found no macro
=========================================================================

=========================================================================
*                           Partition Report                            *
=========================================================================

Partition Implementation Status
-------------------------------

  No Partitions were found in this design.

-------------------------------

=========================================================================
*                            Final Report                               *
=========================================================================
Final Results
RTL Top Level Output File Name     : CarrySaveMultiplier4bit.ngr
Top Level Output File Name         : CarrySaveMultiplier4bit
Output Format                      : NGC
Optimization Goal                  : Speed
Keep Hierarchy                     : No

Design Statistics
# IOs                              : 16

Cell Usage :
# BELS                             : 31
#      LUT2                        : 10
#      LUT3                        : 2
#      LUT4                        : 19
# IO Buffers                       : 16
#      IBUF                        : 8
#      OBUF                        : 8
=========================================================================

Device utilization summary:
---------------------------

Selected Device : 3s400pq208-5 

 Number of Slices:                       18  out of   3584     0%  
 Number of 4 input LUTs:                 31  out of   7168     0%  
 Number of IOs:                          16
 Number of bonded IOBs:                  16  out of    141    11%  

---------------------------
Partition Resource Summary:
---------------------------

  No Partitions were found in this design.

---------------------------


=========================================================================
TIMING REPORT

NOTE: THESE TIMING NUMBERS ARE ONLY A SYNTHESIS ESTIMATE.
      FOR ACCURATE TIMING INFORMATION PLEASE REFER TO THE TRACE REPORT
      GENERATED AFTER PLACE-and-ROUTE.

Clock Information:
------------------
No clock signals found in this design

Asynchronous Control Signals Information:
----------------------------------------
No asynchronous control signals found in this design

Timing Summary:
---------------
Speed Grade: -5

   Minimum period: No path found
   Minimum input arrival time before clock: No path found
   Maximum output required time after clock: No path found
   Maximum combinational path delay: 15.074ns

Timing Detail:
--------------
All values displayed in nanoseconds (ns)

=========================================================================
Timing constraint: Default path analysis
  Total number of paths / destination ports: 330 / 8
-------------------------------------------------------------------------
Delay:               15.074ns (Levels of Logic = 8)
  Source:            A<1> (PAD)
  Destination:       Product<7> (PAD)

  Data Path: A<1> to Product<7>
                                Gate     Net
    Cell:in->out      fanout   Delay   Delay  Logical Name (Net Name)
    ----------------------------------------  ------------
     IBUF:I->O             7   0.715   1.201  A_1_IBUF (A_1_IBUF)
     LUT2:I0->O            2   0.479   1.040  pp2<1>1 (pp2<1>)
     LUT4:I0->O            2   0.479   0.804  FA2/Cout1 (carry2<1>)
     LUT4:I2->O            2   0.479   1.040  FA5/Mxor_Sum_Result1 (sum3<1>)
     LUT4:I0->O            2   0.479   1.040  HA4/Carry1 (carry4<0>)
     LUT3:I0->O            2   0.479   0.768  FA7/Cout1 (carry4<1>)
     LUT4:I3->O            1   0.479   0.681  FA8/Cout1 (Product_7_OBUF)
     OBUF:I->O                 4.909          Product_7_OBUF (Product<7>)
    ----------------------------------------
    Total                     15.074ns (8.498ns logic, 6.576ns route)
                                       (56.4% logic, 43.6% route)

=========================================================================


Total REAL time to Xst completion: 3.00 secs
Total CPU time to Xst completion: 3.42 secs
 
--> 

Total memory usage is 258544 kilobytes

Number of errors   :    0 (   0 filtered)
Number of warnings :    0 (   0 filtered)
Number of infos    :    0 (   0 filtered)

