Release 14.7 - ngc2edif P.20131013 (nt64)
Copyright (c) 1995-2013 Xilinx, Inc.  All rights reserved.
Reading design Multiplier_4bit.ngc ...
WARNING:NetListWriters:298 - No output is written to Multiplier_4bit.xncf,
   ignored.
Processing design ...
   Preping design's networks ...
   Preping design's macros ...
WARNING:NetListWriters:306 - Signal bus c1<3 : 1> on block Multiplier_4bit is
   not reconstructed, because there are some missing bus signals.
  finished :Prep
Writing EDIF netlist file Multiplier_4bit.edif ...
ngc2edif: Total memory usage is 79992 kilobytes

Release 14.7 - ngc2edif P.20131013 (nt64)
Copyright (c) 1995-2013 Xilinx, Inc.  All rights reserved.
Reading design ArrayMultiplier4bit.ngc ...
WARNING:NetListWriters:298 - No output is written to ArrayMultiplier4bit.xncf,
   ignored.
Processing design ...
   Preping design's networks ...
   Preping design's macros ...
  finished :Prep
Writing EDIF netlist file ArrayMultiplier4bit.edif ...
ngc2edif: Total memory usage is 79992 kilobytes

Release 14.7 - ngc2edif P.20131013 (nt64)
Copyright (c) 1995-2013 Xilinx, Inc.  All rights reserved.
Reading design ArrayMultiplier4bit.ngc ...
WARNING:NetListWriters:298 - No output is written to ArrayMultiplier4bit.xncf,
   ignored.
Processing design ...
   Preping design's networks ...
   Preping design's macros ...
  finished :Prep
Writing EDIF netlist file ArrayMultiplier4bit.edif ...
ngc2edif: Total memory usage is 79992 kilobytes

Release 14.7 - ngc2edif P.20131013 (nt64)
Copyright (c) 1995-2013 Xilinx, Inc.  All rights reserved.
Reading design ArrayMultiplier4bit.ngc ...
WARNING:NetListWriters:298 - No output is written to ArrayMultiplier4bit.xncf,
   ignored.
Processing design ...
   Preping design's networks ...
   Preping design's macros ...
  finished :Prep
Writing EDIF netlist file ArrayMultiplier4bit.edif ...
ngc2edif: Total memory usage is 79992 kilobytes

Release 14.7 - ngc2edif P.20131013 (nt64)
Copyright (c) 1995-2013 Xilinx, Inc.  All rights reserved.
Reading design ArrayMultiplier4bit.ngc ...
WARNING:NetListWriters:298 - No output is written to ArrayMultiplier4bit.xncf,
   ignored.
Processing design ...
   Preping design's networks ...
   Preping design's macros ...
  finished :Prep
Writing EDIF netlist file ArrayMultiplier4bit.edif ...
ngc2edif: Total memory usage is 79992 kilobytes

Release 14.7 - ngc2edif P.20131013 (nt64)
Copyright (c) 1995-2013 Xilinx, Inc.  All rights reserved.
Reading design CarrySaveMultiplier4bit.ngc ...
WARNING:NetListWriters:298 - No output is written to
   CarrySaveMultiplier4bit.xncf, ignored.
Processing design ...
   Preping design's networks ...
   Preping design's macros ...
WARNING:NetListWriters:306 - Signal bus pp3<2 : 0> on block
   CarrySaveMultiplier4bit is not reconstructed, because there are some missing
   bus signals.
  finished :Prep
Writing EDIF netlist file CarrySaveMultiplier4bit.edif ...
ngc2edif: Total memory usage is 79992 kilobytes

Release 14.7 - ngc2edif P.20131013 (nt64)
Copyright (c) 1995-2013 Xilinx, Inc.  All rights reserved.
Reading design booth_multiplier.ngc ...
WARNING:NetListWriters:298 - No output is written to booth_multiplier.xncf,
   ignored.
Processing design ...
   Preping design's networks ...
   Preping design's macros ...
WARNING:NetListWriters:306 - Signal bus Madd_mn_add0000_lut<3 : 0> on block
   booth_multiplier is not reconstructed, because there are some missing bus
   signals.
  finished :Prep
Writing EDIF netlist file booth_multiplier.edif ...
ngc2edif: Total memory usage is 78968 kilobytes

