Release 14.7 - ngc2edif P.20131013 (lin64)
Copyright (c) 1995-2013 Xilinx, Inc.  All rights reserved.
Reading design ripple_counter_tff.ngc ...
WARNING:NetListWriters:298 - No output is written to ripple_counter_tff.xncf,
   ignored.
Processing design ...
   Preping design's networks ...
   Preping design's macros ...
  finished :Prep
Writing EDIF netlist file ripple_counter_tff.edif ...
ngc2edif: Total memory usage is 103912 kilobytes

Release 14.7 - ngc2edif P.20131013 (lin64)
Copyright (c) 1995-2013 Xilinx, Inc.  All rights reserved.
Reading design ripple_counter_tff.ngc ...
WARNING:NetListWriters:298 - No output is written to ripple_counter_tff.xncf,
   ignored.
Processing design ...
   Preping design's networks ...
   Preping design's macros ...
  finished :Prep
Writing EDIF netlist file ripple_counter_tff.edif ...
ngc2edif: Total memory usage is 104628 kilobytes

