#-----------------------------------------------------------
# PlanAhead v14.7 (64-bit)
# Build 321239 by xbuild on Fri Sep 27 19:24:36 MDT 2013
# Start of session at: Wed Oct 22 08:04:37 2025
# Process ID: 4826
# Log file: /home/ise/VM/computer-architecture-lab_2025_Fall/S03/AZ03/planAhead_run_5/planAhead.log
# Journal file: /home/ise/VM/computer-architecture-lab_2025_Fall/S03/AZ03/planAhead_run_5/planAhead.jou
#-----------------------------------------------------------
INFO: [Common 17-78] Attempting to get a license: PlanAhead
INFO: [Common 17-290] Got license for PlanAhead
INFO: [Common 17-86] Your PlanAhead license expires in -3097 day(s)
INFO: [Device 21-36] Loading parts and site information from /opt/Xilinx/14.7/ISE_DS/PlanAhead/data/parts/arch.xml
Parsing RTL primitives file [/opt/Xilinx/14.7/ISE_DS/PlanAhead/data/parts/xilinx/rtl/prims/rtl_prims.xml]
Finished parsing RTL primitives file [/opt/Xilinx/14.7/ISE_DS/PlanAhead/data/parts/xilinx/rtl/prims/rtl_prims.xml]
start_gui
source /home/ise/VM/computer-architecture-lab_2025_Fall/S03/AZ03/pa.fromNetlist.tcl
# create_project -name AZ03 -dir "/home/ise/VM/computer-architecture-lab_2025_Fall/S03/AZ03/planAhead_run_5" -part xc3s400pq208-5
# set_property design_mode GateLvl [get_property srcset [current_run -impl]]
# set_property edif_top_file "/home/ise/VM/computer-architecture-lab_2025_Fall/S03/AZ03/t_ff_async_reset.ngc" [ get_property srcset [ current_run ] ]
# add_files -norecurse { {/home/ise/VM/computer-architecture-lab_2025_Fall/S03/AZ03} }
# set_param project.pinAheadLayout  yes
# set_property target_constrs_file "d_ff_async_reset.ucf" [current_fileset -constrset]
Adding file '/home/ise/VM/computer-architecture-lab_2025_Fall/S03/AZ03/d_ff_async_reset.ucf' to fileset 'constrs_1'
# add_files [list {d_ff_async_reset.ucf}] -fileset [get_property constrset [current_run]]
# link_design
Design is defaulting to srcset: sources_1
Design is defaulting to constrset: constrs_1
Design is defaulting to project part: xc3s400pq208-5
Release 14.7 - ngc2edif P.20131013 (lin64)
Copyright (c) 1995-2013 Xilinx, Inc.  All rights reserved.

Release 14.7 - ngc2edif P.20131013 (lin64)
Copyright (c) 1995-2013 Xilinx, Inc.  All rights reserved.
Reading design t_ff_async_reset.ngc ...
WARNING:NetListWriters:298 - No output is written to t_ff_async_reset.xncf,
   ignored.
Processing design ...
   Preping design's networks ...
   Preping design's macros ...
  finished :Prep
Writing EDIF netlist file t_ff_async_reset.edif ...
ngc2edif: Total memory usage is 104068 kilobytes

Parsing EDIF File [./planAhead_run_5/AZ03.data/cache/t_ff_async_reset_ngc_6733ec4d.edif]
Finished Parsing EDIF File [./planAhead_run_5/AZ03.data/cache/t_ff_async_reset_ngc_6733ec4d.edif]
INFO: [Designutils 20-910] Reading macro library /opt/Xilinx/14.7/ISE_DS/PlanAhead/data/./parts/xilinx/spartan3/hd_int_macros.edn
Parsing EDIF File [/opt/Xilinx/14.7/ISE_DS/PlanAhead/data/./parts/xilinx/spartan3/hd_int_macros.edn]
Finished Parsing EDIF File [/opt/Xilinx/14.7/ISE_DS/PlanAhead/data/./parts/xilinx/spartan3/hd_int_macros.edn]
Loading clock regions from /opt/Xilinx/14.7/ISE_DS/PlanAhead/data/parts/xilinx/spartan3/spartan3/xc3s400/ClockRegion.xml
Loading clock buffers from /opt/Xilinx/14.7/ISE_DS/PlanAhead/data/parts/xilinx/spartan3/spartan3/xc3s400/ClockBuffers.xml
Loading package from /opt/Xilinx/14.7/ISE_DS/PlanAhead/data/parts/xilinx/spartan3/spartan3/xc3s400/pq208/Package.xml
Loading io standards from /opt/Xilinx/14.7/ISE_DS/PlanAhead/data/./parts/xilinx/spartan3/IOStandards.xml
INFO: [Device 21-19] Loading pkg sso from /opt/Xilinx/14.7/ISE_DS/PlanAhead/data/parts/xilinx/spartan3/spartan3/xc3s400/pq208/SSORules.xml
Loading list of drcs for the architecture : /opt/Xilinx/14.7/ISE_DS/PlanAhead/data/./parts/xilinx/spartan3/drc.xml
INFO: [Timing 38-77] Reading timing library /opt/Xilinx/14.7/ISE_DS/PlanAhead/data/parts/xilinx/spartan3/spartan3/spartan3-5.lib.
INFO: [Timing 38-34] Done reading timing library /opt/Xilinx/14.7/ISE_DS/PlanAhead/data/parts/xilinx/spartan3/spartan3/spartan3-5.lib.
Parsing UCF File [/home/ise/VM/computer-architecture-lab_2025_Fall/S03/AZ03/d_ff_async_reset.ucf]
Finished Parsing UCF File [/home/ise/VM/computer-architecture-lab_2025_Fall/S03/AZ03/d_ff_async_reset.ucf]
INFO: [Project 1-111] Unisim Transformation Summary:
No Unisim elements were transformed.

Phase 0 | Netlist Checksum: d8eef51e
link_design: Time (s): cpu = 00:00:02 ; elapsed = 00:00:08 . Memory (MB): peak = 2720.762 ; gain = 67.508
exit
ERROR: [#UNDEF] *** Exception: ui.h.b: Found deleted key in HTclEventBroker. Verify if the classes listed here call cleanup()
HTclEvent: DEBUG_PORT_CONFIG_CHANGE   Classes: ui.views.aR 
HTclEvent: DEBUG_CORE_CONFIG_CHANGE   Classes: ui.views.aR 
HTclEvent: SIGNAL_MODIFY   Classes: ui.views.aR 
HTclEvent: SIGNAL_BUS_MODIFY   Classes: ui.views.aR 
 (See /home/ise/VM/computer-architecture-lab_2025_Fall/S03/AZ03/planAhead_pid4826.debug)
