
****** PlanAhead v14.7 (64-bit)
  **** Build 321239 by xbuild on Fri Sep 27 19:29:51 MDT 2013
    ** Copyright 1986-1999, 2001-2013 Xilinx, Inc. All Rights Reserved.

INFO: [Common 17-78] Attempting to get a license: PlanAhead
INFO: [Common 17-290] Got license for PlanAhead
INFO: [Common 17-86] Your PlanAhead license expires in -271 day(s)
INFO: [Device 21-36] Loading parts and site information from C:/Xilinx/14.7/ISE_DS/PlanAhead/data/parts/arch.xml
Parsing RTL primitives file [C:/Xilinx/14.7/ISE_DS/PlanAhead/data/parts/xilinx/rtl/prims/rtl_prims.xml]
Finished parsing RTL primitives file [C:/Xilinx/14.7/ISE_DS/PlanAhead/data/parts/xilinx/rtl/prims/rtl_prims.xml]
start_gui
source C:/Users/Lenovo/Desktop/H_B/CLA_bit/pa.fromHdl.tcl
# create_project -name CLA_bit -dir "C:/Users/Lenovo/Desktop/H_B/CLA_bit/planAhead_run_1" -part xc3s400pq208-4
# set_param project.pinAheadLayout yes
# set srcset [get_property srcset [current_run -impl]]
# set_property target_constrs_file "CLA_4bit.ucf" [current_fileset -constrset]
Adding file 'C:/Users/Lenovo/Desktop/H_B/CLA_bit/CLA_4bit.ucf' to fileset 'constrs_1'
# set hdlfile [add_files [list {CLA_4bit.vhd}]]
# set_property file_type VHDL $hdlfile
# set_property library work $hdlfile
# set_property top CLA_4bit $srcset
# add_files [list {CLA_4bit.ucf}] -fileset [get_property constrset [current_run]]
# open_rtl_design -part xc3s400pq208-4
Using Verific elaboration
Parsing VHDL file "C:/Xilinx/14.7/ISE_DS/PlanAhead/data/parts/xilinx/rtl/lib/synplify/synattr.vhd" into library synplify
Parsing VHDL file "C:/Xilinx/14.7/ISE_DS/PlanAhead/data/parts/xilinx/rtl/lib/synplify/synattr.vhd" into library synplify
Parsing VHDL file "C:/Users/Lenovo/Desktop/H_B/CLA_bit/CLA_4bit.vhd" into library work
INFO: [Designutils 20-910] Reading macro library C:/Xilinx/14.7/ISE_DS/PlanAhead/data\./parts/xilinx/spartan3/hd_int_macros.edn
Parsing EDIF File [C:/Xilinx/14.7/ISE_DS/PlanAhead/data\./parts/xilinx/spartan3/hd_int_macros.edn]
Finished Parsing EDIF File [C:/Xilinx/14.7/ISE_DS/PlanAhead/data\./parts/xilinx/spartan3/hd_int_macros.edn]
Loading clock regions from C:/Xilinx/14.7/ISE_DS/PlanAhead/data\parts/xilinx/spartan3/spartan3/xc3s400/ClockRegion.xml
Loading clock buffers from C:/Xilinx/14.7/ISE_DS/PlanAhead/data\parts/xilinx/spartan3/spartan3/xc3s400/ClockBuffers.xml
Loading package from C:/Xilinx/14.7/ISE_DS/PlanAhead/data\parts/xilinx/spartan3/spartan3/xc3s400/pq208/Package.xml
Loading io standards from C:/Xilinx/14.7/ISE_DS/PlanAhead/data\./parts/xilinx/spartan3/IOStandards.xml
INFO: [Device 21-19] Loading pkg sso from C:/Xilinx/14.7/ISE_DS/PlanAhead/data\parts/xilinx/spartan3/spartan3/xc3s400/pq208/SSORules.xml
Loading list of drcs for the architecture : C:/Xilinx/14.7/ISE_DS/PlanAhead/data\./parts/xilinx/spartan3/drc.xml
INFO: [Timing 38-77] Reading timing library C:/Xilinx/14.7/ISE_DS/PlanAhead/data\parts/xilinx/spartan3/spartan3/spartan3-4.lib.
INFO: [Timing 38-34] Done reading timing library C:/Xilinx/14.7/ISE_DS/PlanAhead/data\parts/xilinx/spartan3/spartan3/spartan3-4.lib.
Parsing UCF File [C:/Users/Lenovo/Desktop/H_B/CLA_bit/CLA_4bit.ucf]
Finished Parsing UCF File [C:/Users/Lenovo/Desktop/H_B/CLA_bit/CLA_4bit.ucf]
INFO: [Project 1-111] Unisim Transformation Summary:
No Unisim elements were transformed.

Phase 0 | Netlist Checksum: 74ba353b
open_rtl_design: Time (s): elapsed = 00:00:14 . Memory (MB): peak = 593.148 ; gain = 76.594
update_compile_order -fileset sim_1
startgroup
set_property package_pin P183 [get_ports {A[3]}]
endgroup
startgroup
set_property package_pin P182 [get_ports {A[2]}]
endgroup
startgroup
set_property package_pin P181 [get_ports {A[1]}]
endgroup
startgroup
set_property package_pin P180 [get_ports {A[0]}]
endgroup
startgroup
set_property package_pin P171 [get_ports {B[3]}]
endgroup
startgroup
set_property package_pin P171 [get_ports {B[3]}]
endgroup
startgroup
set_property package_pin P169 [get_ports {B[2]}]
endgroup
startgroup
set_property package_pin P168 [get_ports {B[1]}]
endgroup
startgroup
set_property package_pin P167 [get_ports {B[0]}]
endgroup
startgroup
set_property package_pin P161 [get_ports Cin]
endgroup
startgroup
set_property package_pin P71 [get_ports Cout]
endgroup
startgroup
set_property package_pin P68 [get_ports {S[3]}]
endgroup
startgroup
set_property package_pin P67 [get_ports {S[2]}]
endgroup
startgroup
set_property package_pin P65 [get_ports {S[1]}]
endgroup
startgroup
set_property package_pin P64 [get_ports {S[0]}]
endgroup
save_constraints
exit
ERROR: [Common 17-39] 'stop_gui' failed due to earlier errors.
INFO: [Common 17-206] Exiting PlanAhead at Wed Oct 29 13:37:11 2025...
INFO: [Common 17-83] Releasing license: PlanAhead
