Release 14.7 - ngc2edif P.20131013 (nt64)
Copyright (c) 1995-2013 Xilinx, Inc.  All rights reserved.
Reading design csla4.ngc ...
WARNING:NetListWriters:298 - No output is written to csla4.xncf, ignored.
Processing design ...
   Preping design's networks ...
   Preping design's macros ...
  finished :Prep
Writing EDIF netlist file csla4.edif ...
ngc2edif: Total memory usage is 79992 kilobytes

Release 14.7 - ngc2edif P.20131013 (lin64)
Copyright (c) 1995-2013 Xilinx, Inc.  All rights reserved.
Reading design csla4.ngc ...
WARNING:NetListWriters:298 - No output is written to csla4.xncf, ignored.
Processing design ...
   Preping design's networks ...
   Preping design's macros ...
  finished :Prep
Writing EDIF netlist file csla4.edif ...
ngc2edif: Total memory usage is 103916 kilobytes

